<?xml version="1.0" encoding="UTF-8"?>
<!-- Generated by org.testng.reporters.JUnitXMLReporter -->
<testsuite ignored="0" hostname="DESKTOP-9MNIE8U" failures="1" tests="1" name="Test" time="31.954" errors="0" timestamp="2023-05-28T15:29:58 IST">
  <testcase classname="Java_Program.Reverse_String_Program" name="startBrwser" time="31.691">
    <failure type="java.lang.AssertionError" message="expected [true] but found [false]">
      <![CDATA[java.lang.AssertionError: expected [true] but found [false]
at Java_Program.Reverse_String_Program.startBrwser(Reverse_String_Program.java:23)
at java.base/java.util.ArrayList.forEach(ArrayList.java:1511)
... Removed 38 stack frames]]>
    </failure>
  </testcase> <!-- startBrwser -->
</testsuite> <!-- Test -->
