-------------------------------------------------------------------------------
Test set: TestSuite
-------------------------------------------------------------------------------
Tests run: 1, Failures: 1, Errors: 0, Skipped: 0, Time elapsed: 40.299 s <<< FAILURE! - in TestSuite
Java_Program.Reverse_String_Program.startBrwser  Time elapsed: 31.834 s  <<< FAILURE!
java.lang.AssertionError: expected [true] but found [false]
	at Java_Program.Reverse_String_Program.startBrwser(Reverse_String_Program.java:23)

